c:\users\84942\source\repos\project2\gameproject\x64\debug\vc143.pdb
c:\users\84942\source\repos\project2\gameproject\x64\debug\vc143.idb
c:\users\84942\source\repos\project2\gameproject\x64\debug\playerobj.obj
c:\users\84942\source\repos\project2\gameproject\x64\debug\main .obj
c:\users\84942\source\repos\project2\gameproject\x64\debug\imptimer.obj
c:\users\84942\source\repos\project2\gameproject\x64\debug\gamemap.obj
c:\users\84942\source\repos\project2\gameproject\x64\debug\commonfunction.obj
c:\users\84942\source\repos\project2\gameproject\x64\debug\baseobj.obj
c:\users\84942\source\repos\project2\gameproject\x64\debug\player1.obj
c:\users\84942\source\repos\project2\gameproject\x64\debug\text.obj
c:\users\84942\source\repos\project2\gameproject\x64\debug\menu.obj
d:\kitandkat\gameproject\x64\debug\vc143.pdb
d:\kitandkat\gameproject\x64\debug\vc143.idb
d:\kitandkat\gameproject\x64\debug\text.obj
d:\kitandkat\gameproject\x64\debug\player1.obj
d:\kitandkat\gameproject\x64\debug\menu.obj
d:\kitandkat\gameproject\x64\debug\imptimer.obj
d:\kitandkat\gameproject\x64\debug\commonfunction.obj
d:\kitandkat\gameproject\x64\debug\baseobj.obj
d:\kitandkat\gameproject\x64\debug\gamemap.obj
d:\kitandkat\gameproject\x64\debug\mushroom.obj
d:\kitandkat\gameproject\x64\debug\main .obj
c:\users\84942\documents\github\game\gameproject\x64\debug\vc143.pdb
c:\users\84942\documents\github\game\gameproject\x64\debug\vc143.idb
c:\users\84942\documents\github\game\gameproject\x64\debug\text.obj
c:\users\84942\documents\github\game\gameproject\x64\debug\player1.obj
c:\users\84942\documents\github\game\gameproject\x64\debug\mushroom.obj
c:\users\84942\documents\github\game\gameproject\x64\debug\menu.obj
c:\users\84942\documents\github\game\gameproject\x64\debug\main .obj
c:\users\84942\documents\github\game\gameproject\x64\debug\imptimer.obj
c:\users\84942\documents\github\game\gameproject\x64\debug\commonfunction.obj
c:\users\84942\documents\github\game\gameproject\x64\debug\baseobj.obj
c:\users\84942\source\repos\project2\gameproject\x64\debug\gameproject.exe
c:\users\84942\source\repos\project2\gameproject\x64\debug\gameproject.ilk
c:\users\84942\source\repos\project2\gameproject\x64\debug\gameproject.pdb
c:\users\84942\documents\github\game\gameproject\x64\debug\gamemap.obj
c:\users\84942\documents\github\game\gameproject\x64\debug\playerobj.obj
c:\users\84942\documents\github\game\gameproject\x64\debug\menu.obj.enc
c:\users\84942\documents\github\game\gameproject\x64\debug\player1.obj.enc
c:\users\84942\documents\github\game\gameproject\x64\debug\text.obj.enc
c:\users\84942\documents\github\game\gameproject\x64\debug\gameproject.pdb
c:\users\84942\documents\github\game\gameproject\x64\debug\gameproject.tlog\cl.command.1.tlog
c:\users\84942\documents\github\game\gameproject\x64\debug\gameproject.tlog\cl.read.1.tlog
c:\users\84942\documents\github\game\gameproject\x64\debug\gameproject.tlog\cl.write.1.tlog
c:\users\84942\documents\github\game\gameproject\x64\debug\gameproject.tlog\link-cvtres.read.1.tlog
c:\users\84942\documents\github\game\gameproject\x64\debug\gameproject.tlog\link-cvtres.write.1.tlog
c:\users\84942\documents\github\game\gameproject\x64\debug\gameproject.tlog\link-rc.read.1.tlog
c:\users\84942\documents\github\game\gameproject\x64\debug\gameproject.tlog\link-rc.write.1.tlog
c:\users\84942\documents\github\game\gameproject\x64\debug\gameproject.tlog\link.command.1.tlog
c:\users\84942\documents\github\game\gameproject\x64\debug\gameproject.tlog\link.read.1.tlog
c:\users\84942\documents\github\game\gameproject\x64\debug\gameproject.tlog\link.read.2.tlog
c:\users\84942\documents\github\game\gameproject\x64\debug\gameproject.tlog\link.read.3.tlog
c:\users\84942\documents\github\game\gameproject\x64\debug\gameproject.tlog\link.write.1.tlog
