C:\Program Files\Microsoft Visual Studio\2022\Community\MSBuild\Microsoft\VC\v170\Microsoft.CppBuild.targets(514,5): warning MSB8028: The intermediate directory (x64\Debug\) contains files shared from another project (Project3.vcxproj).  This can lead to incorrect clean and rebuild behavior.
  PlayerObj.cpp
C:\Users\84942\source\repos\Project2\GameProject\CommonFunction.h(28,2): warning C4091: 'typedef ': ignored on left of 'Input' when no variable is declared
C:\Users\84942\source\repos\Project2\GameProject\PlayerObj.cpp(90,11): warning C4244: '=': conversion from 'float' to 'int', possible loss of data
C:\Users\84942\source\repos\Project2\GameProject\PlayerObj.cpp(91,11): warning C4244: '=': conversion from 'float' to 'int', possible loss of data
C:\Users\84942\source\repos\Project2\GameProject\PlayerObj.cpp(165,23): warning C4305: '+=': truncation from 'double' to 'float'
C:\Users\84942\source\repos\Project2\GameProject\PlayerObj.cpp(198,21): warning C4244: '=': conversion from 'float' to 'int', possible loss of data
C:\Users\84942\source\repos\Project2\GameProject\PlayerObj.cpp(199,39): warning C4244: '=': conversion from 'float' to 'int', possible loss of data
C:\Users\84942\source\repos\Project2\GameProject\PlayerObj.cpp(201,17): warning C4244: '=': conversion from 'float' to 'int', possible loss of data
C:\Users\84942\source\repos\Project2\GameProject\PlayerObj.cpp(202,31): warning C4244: '=': conversion from 'float' to 'int', possible loss of data
C:\Users\84942\source\repos\Project2\GameProject\PlayerObj.cpp(207,28): warning C4244: '=': conversion from 'int' to 'float', possible loss of data
C:\Users\84942\source\repos\Project2\GameProject\PlayerObj.cpp(214,28): warning C4244: '=': conversion from 'int' to 'float', possible loss of data
C:\Users\84942\source\repos\Project2\GameProject\PlayerObj.cpp(221,17): warning C4244: '=': conversion from 'float' to 'int', possible loss of data
C:\Users\84942\source\repos\Project2\GameProject\PlayerObj.cpp(222,29): warning C4244: '=': conversion from 'float' to 'int', possible loss of data
C:\Users\84942\source\repos\Project2\GameProject\PlayerObj.cpp(224,24): warning C4244: '=': conversion from 'float' to 'int', possible loss of data
C:\Users\84942\source\repos\Project2\GameProject\PlayerObj.cpp(225,41): warning C4244: '=': conversion from 'float' to 'int', possible loss of data
C:\Users\84942\source\repos\Project2\GameProject\PlayerObj.cpp(230,15): warning C4244: '=': conversion from 'int' to 'float', possible loss of data
C:\Users\84942\source\repos\Project2\GameProject\PlayerObj.cpp(238,28): warning C4244: '=': conversion from 'int' to 'float', possible loss of data
C:\Users\84942\source\repos\Project2\GameProject\PlayerObj.cpp(252,38): warning C4244: '=': conversion from 'int' to 'float', possible loss of data
  Project3.vcxproj -> C:\Users\84942\source\repos\Project2\GameProject\x64\Debug\GameProject.exe
